Arguments: 
  /snap/node/5856/bin/node /snap/node/5856/bin/yarn.js add @bootstrap@latest

PATH: 
  /usr/local/sbin:/usr/local/bin:/usr/sbin:/usr/bin:/sbin:/bin:/usr/games:/usr/local/games:/snap/bin:/home/alef/Android/Sdk/emulator:/home/alef/Android/Sdk/tools:/home/alef/Android/Sdk/tools/bin:/home/alef/Android/Sdk/platform-tools:/home/alef/Android/Sdk/emulator:/home/alef/Android/Sdk/tools:/home/alef/Android/Sdk/tools/bin:/home/alef/Android/Sdk/platform-tools

Yarn version: 
  1.22.17

Node version: 
  14.19.0

Platform: 
  linux x64

Trace: 
  Error: https://registry.yarnpkg.com/@bootstrap: Request "https://registry.yarnpkg.com/@bootstrap" returned a 405
      at Request.params.callback [as _callback] (/snap/node/5856/lib/cli.js:67038:18)
      at Request.self.callback (/snap/node/5856/lib/cli.js:140883:22)
      at Request.emit (events.js:400:28)
      at Request.<anonymous> (/snap/node/5856/lib/cli.js:141855:10)
      at Request.emit (events.js:400:28)
      at IncomingMessage.<anonymous> (/snap/node/5856/lib/cli.js:141777:12)
      at Object.onceWrapper (events.js:519:28)
      at IncomingMessage.emit (events.js:412:35)
      at endReadableNT (internal/streams/readable.js:1334:12)
      at processTicksAndRejections (internal/process/task_queues.js:82:21)

npm manifest: 
  No manifest

yarn manifest: 
  No manifest

Lockfile: 
  No lockfile
